#
# There is insufficient memory for the Java Runtime Environment to continue.
# Native memory allocation (malloc) failed to allocate 32744 bytes for Chunk::new
# Possible reasons:
#   The system is out of physical RAM or swap space
#   The process is running with CompressedOops enabled, and the Java Heap may be blocking the growth of the native heap
# Possible solutions:
#   Reduce memory load on the system
#   Increase physical memory or swap space
#   Check if swap backing store is full
#   Decrease Java heap size (-Xmx/-Xms)
#   Decrease number of Java threads
#   Decrease Java thread stack sizes (-Xss)
#   Set larger code cache with -XX:ReservedCodeCacheSize=
#   JVM is running with Unscaled Compressed Oops mode in which the Java heap is
#     placed in the first 4GB address space. The Java Heap base address is the
#     maximum limit for the native heap growth. Please use -XX:HeapBaseMinAddress
#     to set the Java Heap base and to place the Java Heap above 4GB virtual address.
# This output file may be truncated or incomplete.
#
#  Out of Memory Error (arena.cpp:184), pid=8768, tid=19700
#
# JRE version: Java(TM) SE Runtime Environment (19.0.2+7) (build 19.0.2+7-44)
# Java VM: Java HotSpot(TM) 64-Bit Server VM (19.0.2+7-44, mixed mode, tiered, compressed oops, compressed class ptrs, g1 gc, windows-amd64)
# No core dump will be written. Minidumps are not enabled by default on client versions of Windows
#

---------------  S U M M A R Y ------------

Command Line: -Dfile.encoding=UTF-8 -XX:+ShowCodeDetailsInExceptionMessages GridLayoutFrame

Host: Intel(R) Core(TM) i7-8565U CPU @ 1.80GHz, 8 cores, 7G,  Windows 11 , 64 bit Build 22621 (10.0.22621.1194)
Time: Tue Mar 28 04:14:06 2023 Türkiye Standart Saati elapsed time: 0.256123 seconds (0d 0h 0m 0s)

---------------  T H R E A D  ---------------

Current thread (0x0000025b520951d0):  JavaThread "C1 CompilerThread0" daemon [_thread_in_native, id=19700, stack(0x00000068c6600000,0x00000068c6700000)]


Current CompileTask:
C1:    256  183       3       jdk.internal.org.objectweb.asm.Frame::execute (2305 bytes)

Stack: [0x00000068c6600000,0x00000068c6700000]
Native frames: (J=compiled Java code, j=interpreted, Vv=VM code, C=native code)
V  [jvm.dll+0x6ee21a]
V  [jvm.dll+0x85765e]
V  [jvm.dll+0x85904e]
V  [jvm.dll+0x859703]
V  [jvm.dll+0x28298f]
V  [jvm.dll+0xc9adf]
V  [jvm.dll+0xc9e65]
V  [jvm.dll+0x1a8f0f]
V  [jvm.dll+0x1a7b9b]
V  [jvm.dll+0x1616d3]
V  [jvm.dll+0x160fb2]
V  [jvm.dll+0x161208]
V  [jvm.dll+0x160666]
V  [jvm.dll+0x16235d]
V  [jvm.dll+0x25b25a]
V  [jvm.dll+0x2596e8]
V  [jvm.dll+0x807588]
V  [jvm.dll+0x80125a]
V  [jvm.dll+0x6ecf0b]
C  [ucrtbase.dll+0x29363]
C  [KERNEL32.DLL+0x126bd]
C  [ntdll.dll+0x5dfb8]


---------------  P R O C E S S  ---------------

Threads class SMR info:
_java_thread_list=0x0000025b52214de0, length=12, elements={
0x0000025b2f4a8670, 0x0000025b5205f010, 0x0000025b5205f940, 0x0000025b520724e0,
0x0000025b5203f520, 0x0000025b5203fe50, 0x0000025b5204a7a0, 0x0000025b5204cd60,
0x0000025b520951d0, 0x0000025b52096970, 0x0000025b522054d0, 0x0000025b52216150
}

Java Threads: ( => current thread )
  0x0000025b2f4a8670 JavaThread "main" [_thread_in_vm, id=9424, stack(0x00000068c5800000,0x00000068c5900000)]
  0x0000025b5205f010 JavaThread "Reference Handler" daemon [_thread_blocked, id=9552, stack(0x00000068c5f00000,0x00000068c6000000)]
  0x0000025b5205f940 JavaThread "Finalizer" daemon [_thread_blocked, id=14988, stack(0x00000068c6000000,0x00000068c6100000)]
  0x0000025b520724e0 JavaThread "Signal Dispatcher" daemon [_thread_blocked, id=21800, stack(0x00000068c6100000,0x00000068c6200000)]
  0x0000025b5203f520 JavaThread "Attach Listener" daemon [_thread_blocked, id=22536, stack(0x00000068c6200000,0x00000068c6300000)]
  0x0000025b5203fe50 JavaThread "Service Thread" daemon [_thread_blocked, id=14100, stack(0x00000068c6300000,0x00000068c6400000)]
  0x0000025b5204a7a0 JavaThread "Monitor Deflation Thread" daemon [_thread_blocked, id=2320, stack(0x00000068c6400000,0x00000068c6500000)]
  0x0000025b5204cd60 JavaThread "C2 CompilerThread0" daemon [_thread_blocked, id=1940, stack(0x00000068c6500000,0x00000068c6600000)]
=>0x0000025b520951d0 JavaThread "C1 CompilerThread0" daemon [_thread_in_native, id=19700, stack(0x00000068c6600000,0x00000068c6700000)]
  0x0000025b52096970 JavaThread "Sweeper thread" daemon [_thread_blocked, id=18408, stack(0x00000068c6700000,0x00000068c6800000)]
  0x0000025b522054d0 JavaThread "Notification Thread" daemon [_thread_blocked, id=17204, stack(0x00000068c6800000,0x00000068c6900000)]
  0x0000025b52216150 JavaThread "Common-Cleaner" daemon [_thread_blocked, id=14368, stack(0x00000068c6a00000,0x00000068c6b00000)]

Other Threads:
  0x0000025b4dc96cd0 VMThread "VM Thread" [stack: 0x00000068c5e00000,0x00000068c5f00000] [id=7428]
  0x0000025b5220be40 WatcherThread "VM Periodic Task Thread" [stack: 0x00000068c6900000,0x00000068c6a00000] [id=20128]
  0x0000025b2f508670 WorkerThread "GC Thread#0" [stack: 0x00000068c5900000,0x00000068c5a00000] [id=10796]
  0x0000025b2f519150 ConcurrentGCThread "G1 Main Marker" [stack: 0x00000068c5a00000,0x00000068c5b00000] [id=13936]
  0x0000025b2f519a80 WorkerThread "G1 Conc#0" [stack: 0x00000068c5b00000,0x00000068c5c00000] [id=18924]
  0x0000025b2f56e950 ConcurrentGCThread "G1 Refine#0" [stack: 0x00000068c5c00000,0x00000068c5d00000] [id=1912]
  0x0000025b4db368f0 ConcurrentGCThread "G1 Service" [stack: 0x00000068c5d00000,0x00000068c5e00000] [id=21056]

Threads with active compile tasks:
C1 CompilerThread0      277  183       3       jdk.internal.org.objectweb.asm.Frame::execute (2305 bytes)

VM state: not at safepoint (normal execution)

VM Mutex/Monitor currently owned by a thread: None

Heap address: 0x0000000081c00000, size: 2020 MB, Compressed Oops mode: 32-bit

CDS archive(s) not mapped
Compressed class space mapped at: 0x0000000100000000-0x0000000140000000, reserved size: 1073741824
Narrow klass base: 0x0000000000000000, Narrow klass shift: 3, Narrow klass range: 0x140000000

GC Precious Log:
 CardTable entry size: 512
 Card Set container configuration: InlinePtr #cards 5 size 8 Array Of Cards #cards 12 size 40 Howl #buckets 4 coarsen threshold 1843 Howl Bitmap #cards 512 size 80 coarsen threshold 460 Card regions per heap region 1 cards per card region 2048
 CPUs: 8 total, 8 available
 Memory: 8072M
 Large Page Support: Disabled
 NUMA Support: Disabled
 Compressed Oops: Enabled (32-bit)
 Heap Region Size: 1M
 Heap Min Capacity: 8M
 Heap Initial Capacity: 128M
 Heap Max Capacity: 2020M
 Pre-touch: Disabled
 Parallel Workers: 8
 Concurrent Workers: 2
 Concurrent Refinement Workers: 8
 Periodic GC: Disabled

Heap:
 garbage-first heap   total 131072K, used 2048K [0x0000000081c00000, 0x0000000100000000)
  region size 1024K, 3 young (3072K), 0 survivors (0K)
 Metaspace       used 7663K, committed 7808K, reserved 1114112K
  class space    used 633K, committed 704K, reserved 1048576K

Heap Regions: E=young(eden), S=young(survivor), O=old, HS=humongous(starts), HC=humongous(continues), CS=collection set, F=free, OA=open archive, CA=closed archive, TAMS=top-at-mark-start (previous, next)
|   0|0x0000000081c00000, 0x0000000081c00000, 0x0000000081d00000|  0%| F|  |TAMS 0x0000000081c00000, 0x0000000081c00000| Untracked 
|   1|0x0000000081d00000, 0x0000000081d00000, 0x0000000081e00000|  0%| F|  |TAMS 0x0000000081d00000, 0x0000000081d00000| Untracked 
|   2|0x0000000081e00000, 0x0000000081e00000, 0x0000000081f00000|  0%| F|  |TAMS 0x0000000081e00000, 0x0000000081e00000| Untracked 
|   3|0x0000000081f00000, 0x0000000081f00000, 0x0000000082000000|  0%| F|  |TAMS 0x0000000081f00000, 0x0000000081f00000| Untracked 
|   4|0x0000000082000000, 0x0000000082000000, 0x0000000082100000|  0%| F|  |TAMS 0x0000000082000000, 0x0000000082000000| Untracked 
|   5|0x0000000082100000, 0x0000000082100000, 0x0000000082200000|  0%| F|  |TAMS 0x0000000082100000, 0x0000000082100000| Untracked 
|   6|0x0000000082200000, 0x0000000082200000, 0x0000000082300000|  0%| F|  |TAMS 0x0000000082200000, 0x0000000082200000| Untracked 
|   7|0x0000000082300000, 0x0000000082300000, 0x0000000082400000|  0%| F|  |TAMS 0x0000000082300000, 0x0000000082300000| Untracked 
|   8|0x0000000082400000, 0x0000000082400000, 0x0000000082500000|  0%| F|  |TAMS 0x0000000082400000, 0x0000000082400000| Untracked 
|   9|0x0000000082500000, 0x0000000082500000, 0x0000000082600000|  0%| F|  |TAMS 0x0000000082500000, 0x0000000082500000| Untracked 
|  10|0x0000000082600000, 0x0000000082600000, 0x0000000082700000|  0%| F|  |TAMS 0x0000000082600000, 0x0000000082600000| Untracked 
|  11|0x0000000082700000, 0x0000000082700000, 0x0000000082800000|  0%| F|  |TAMS 0x0000000082700000, 0x0000000082700000| Untracked 
|  12|0x0000000082800000, 0x0000000082800000, 0x0000000082900000|  0%| F|  |TAMS 0x0000000082800000, 0x0000000082800000| Untracked 
|  13|0x0000000082900000, 0x0000000082900000, 0x0000000082a00000|  0%| F|  |TAMS 0x0000000082900000, 0x0000000082900000| Untracked 
|  14|0x0000000082a00000, 0x0000000082a00000, 0x0000000082b00000|  0%| F|  |TAMS 0x0000000082a00000, 0x0000000082a00000| Untracked 
|  15|0x0000000082b00000, 0x0000000082b00000, 0x0000000082c00000|  0%| F|  |TAMS 0x0000000082b00000, 0x0000000082b00000| Untracked 
|  16|0x0000000082c00000, 0x0000000082c00000, 0x0000000082d00000|  0%| F|  |TAMS 0x0000000082c00000, 0x0000000082c00000| Untracked 
|  17|0x0000000082d00000, 0x0000000082d00000, 0x0000000082e00000|  0%| F|  |TAMS 0x0000000082d00000, 0x0000000082d00000| Untracked 
|  18|0x0000000082e00000, 0x0000000082e00000, 0x0000000082f00000|  0%| F|  |TAMS 0x0000000082e00000, 0x0000000082e00000| Untracked 
|  19|0x0000000082f00000, 0x0000000082f00000, 0x0000000083000000|  0%| F|  |TAMS 0x0000000082f00000, 0x0000000082f00000| Untracked 
|  20|0x0000000083000000, 0x0000000083000000, 0x0000000083100000|  0%| F|  |TAMS 0x0000000083000000, 0x0000000083000000| Untracked 
|  21|0x0000000083100000, 0x0000000083100000, 0x0000000083200000|  0%| F|  |TAMS 0x0000000083100000, 0x0000000083100000| Untracked 
|  22|0x0000000083200000, 0x0000000083200000, 0x0000000083300000|  0%| F|  |TAMS 0x0000000083200000, 0x0000000083200000| Untracked 
|  23|0x0000000083300000, 0x0000000083300000, 0x0000000083400000|  0%| F|  |TAMS 0x0000000083300000, 0x0000000083300000| Untracked 
|  24|0x0000000083400000, 0x0000000083400000, 0x0000000083500000|  0%| F|  |TAMS 0x0000000083400000, 0x0000000083400000| Untracked 
|  25|0x0000000083500000, 0x0000000083500000, 0x0000000083600000|  0%| F|  |TAMS 0x0000000083500000, 0x0000000083500000| Untracked 
|  26|0x0000000083600000, 0x0000000083600000, 0x0000000083700000|  0%| F|  |TAMS 0x0000000083600000, 0x0000000083600000| Untracked 
|  27|0x0000000083700000, 0x0000000083700000, 0x0000000083800000|  0%| F|  |TAMS 0x0000000083700000, 0x0000000083700000| Untracked 
|  28|0x0000000083800000, 0x0000000083800000, 0x0000000083900000|  0%| F|  |TAMS 0x0000000083800000, 0x0000000083800000| Untracked 
|  29|0x0000000083900000, 0x0000000083900000, 0x0000000083a00000|  0%| F|  |TAMS 0x0000000083900000, 0x0000000083900000| Untracked 
|  30|0x0000000083a00000, 0x0000000083a00000, 0x0000000083b00000|  0%| F|  |TAMS 0x0000000083a00000, 0x0000000083a00000| Untracked 
|  31|0x0000000083b00000, 0x0000000083b00000, 0x0000000083c00000|  0%| F|  |TAMS 0x0000000083b00000, 0x0000000083b00000| Untracked 
|  32|0x0000000083c00000, 0x0000000083c00000, 0x0000000083d00000|  0%| F|  |TAMS 0x0000000083c00000, 0x0000000083c00000| Untracked 
|  33|0x0000000083d00000, 0x0000000083d00000, 0x0000000083e00000|  0%| F|  |TAMS 0x0000000083d00000, 0x0000000083d00000| Untracked 
|  34|0x0000000083e00000, 0x0000000083e00000, 0x0000000083f00000|  0%| F|  |TAMS 0x0000000083e00000, 0x0000000083e00000| Untracked 
|  35|0x0000000083f00000, 0x0000000083f00000, 0x0000000084000000|  0%| F|  |TAMS 0x0000000083f00000, 0x0000000083f00000| Untracked 
|  36|0x0000000084000000, 0x0000000084000000, 0x0000000084100000|  0%| F|  |TAMS 0x0000000084000000, 0x0000000084000000| Untracked 
|  37|0x0000000084100000, 0x0000000084100000, 0x0000000084200000|  0%| F|  |TAMS 0x0000000084100000, 0x0000000084100000| Untracked 
|  38|0x0000000084200000, 0x0000000084200000, 0x0000000084300000|  0%| F|  |TAMS 0x0000000084200000, 0x0000000084200000| Untracked 
|  39|0x0000000084300000, 0x0000000084300000, 0x0000000084400000|  0%| F|  |TAMS 0x0000000084300000, 0x0000000084300000| Untracked 
|  40|0x0000000084400000, 0x0000000084400000, 0x0000000084500000|  0%| F|  |TAMS 0x0000000084400000, 0x0000000084400000| Untracked 
|  41|0x0000000084500000, 0x0000000084500000, 0x0000000084600000|  0%| F|  |TAMS 0x0000000084500000, 0x0000000084500000| Untracked 
|  42|0x0000000084600000, 0x0000000084600000, 0x0000000084700000|  0%| F|  |TAMS 0x0000000084600000, 0x0000000084600000| Untracked 
|  43|0x0000000084700000, 0x0000000084700000, 0x0000000084800000|  0%| F|  |TAMS 0x0000000084700000, 0x0000000084700000| Untracked 
|  44|0x0000000084800000, 0x0000000084800000, 0x0000000084900000|  0%| F|  |TAMS 0x0000000084800000, 0x0000000084800000| Untracked 
|  45|0x0000000084900000, 0x0000000084900000, 0x0000000084a00000|  0%| F|  |TAMS 0x0000000084900000, 0x0000000084900000| Untracked 
|  46|0x0000000084a00000, 0x0000000084a00000, 0x0000000084b00000|  0%| F|  |TAMS 0x0000000084a00000, 0x0000000084a00000| Untracked 
|  47|0x0000000084b00000, 0x0000000084b00000, 0x0000000084c00000|  0%| F|  |TAMS 0x0000000084b00000, 0x0000000084b00000| Untracked 
|  48|0x0000000084c00000, 0x0000000084c00000, 0x0000000084d00000|  0%| F|  |TAMS 0x0000000084c00000, 0x0000000084c00000| Untracked 
|  49|0x0000000084d00000, 0x0000000084d00000, 0x0000000084e00000|  0%| F|  |TAMS 0x0000000084d00000, 0x0000000084d00000| Untracked 
|  50|0x0000000084e00000, 0x0000000084e00000, 0x0000000084f00000|  0%| F|  |TAMS 0x0000000084e00000, 0x0000000084e00000| Untracked 
|  51|0x0000000084f00000, 0x0000000084f00000, 0x0000000085000000|  0%| F|  |TAMS 0x0000000084f00000, 0x0000000084f00000| Untracked 
|  52|0x0000000085000000, 0x0000000085000000, 0x0000000085100000|  0%| F|  |TAMS 0x0000000085000000, 0x0000000085000000| Untracked 
|  53|0x0000000085100000, 0x0000000085100000, 0x0000000085200000|  0%| F|  |TAMS 0x0000000085100000, 0x0000000085100000| Untracked 
|  54|0x0000000085200000, 0x0000000085200000, 0x0000000085300000|  0%| F|  |TAMS 0x0000000085200000, 0x0000000085200000| Untracked 
|  55|0x0000000085300000, 0x0000000085300000, 0x0000000085400000|  0%| F|  |TAMS 0x0000000085300000, 0x0000000085300000| Untracked 
|  56|0x0000000085400000, 0x0000000085400000, 0x0000000085500000|  0%| F|  |TAMS 0x0000000085400000, 0x0000000085400000| Untracked 
|  57|0x0000000085500000, 0x0000000085500000, 0x0000000085600000|  0%| F|  |TAMS 0x0000000085500000, 0x0000000085500000| Untracked 
|  58|0x0000000085600000, 0x0000000085600000, 0x0000000085700000|  0%| F|  |TAMS 0x0000000085600000, 0x0000000085600000| Untracked 
|  59|0x0000000085700000, 0x0000000085700000, 0x0000000085800000|  0%| F|  |TAMS 0x0000000085700000, 0x0000000085700000| Untracked 
|  60|0x0000000085800000, 0x0000000085800000, 0x0000000085900000|  0%| F|  |TAMS 0x0000000085800000, 0x0000000085800000| Untracked 
|  61|0x0000000085900000, 0x0000000085900000, 0x0000000085a00000|  0%| F|  |TAMS 0x0000000085900000, 0x0000000085900000| Untracked 
|  62|0x0000000085a00000, 0x0000000085a00000, 0x0000000085b00000|  0%| F|  |TAMS 0x0000000085a00000, 0x0000000085a00000| Untracked 
|  63|0x0000000085b00000, 0x0000000085b00000, 0x0000000085c00000|  0%| F|  |TAMS 0x0000000085b00000, 0x0000000085b00000| Untracked 
|  64|0x0000000085c00000, 0x0000000085c00000, 0x0000000085d00000|  0%| F|  |TAMS 0x0000000085c00000, 0x0000000085c00000| Untracked 
|  65|0x0000000085d00000, 0x0000000085d00000, 0x0000000085e00000|  0%| F|  |TAMS 0x0000000085d00000, 0x0000000085d00000| Untracked 
|  66|0x0000000085e00000, 0x0000000085e00000, 0x0000000085f00000|  0%| F|  |TAMS 0x0000000085e00000, 0x0000000085e00000| Untracked 
|  67|0x0000000085f00000, 0x0000000085f00000, 0x0000000086000000|  0%| F|  |TAMS 0x0000000085f00000, 0x0000000085f00000| Untracked 
|  68|0x0000000086000000, 0x0000000086000000, 0x0000000086100000|  0%| F|  |TAMS 0x0000000086000000, 0x0000000086000000| Untracked 
|  69|0x0000000086100000, 0x0000000086100000, 0x0000000086200000|  0%| F|  |TAMS 0x0000000086100000, 0x0000000086100000| Untracked 
|  70|0x0000000086200000, 0x0000000086200000, 0x0000000086300000|  0%| F|  |TAMS 0x0000000086200000, 0x0000000086200000| Untracked 
|  71|0x0000000086300000, 0x0000000086300000, 0x0000000086400000|  0%| F|  |TAMS 0x0000000086300000, 0x0000000086300000| Untracked 
|  72|0x0000000086400000, 0x0000000086400000, 0x0000000086500000|  0%| F|  |TAMS 0x0000000086400000, 0x0000000086400000| Untracked 
|  73|0x0000000086500000, 0x0000000086500000, 0x0000000086600000|  0%| F|  |TAMS 0x0000000086500000, 0x0000000086500000| Untracked 
|  74|0x0000000086600000, 0x0000000086600000, 0x0000000086700000|  0%| F|  |TAMS 0x0000000086600000, 0x0000000086600000| Untracked 
|  75|0x0000000086700000, 0x0000000086700000, 0x0000000086800000|  0%| F|  |TAMS 0x0000000086700000, 0x0000000086700000| Untracked 
|  76|0x0000000086800000, 0x0000000086800000, 0x0000000086900000|  0%| F|  |TAMS 0x0000000086800000, 0x0000000086800000| Untracked 
|  77|0x0000000086900000, 0x0000000086900000, 0x0000000086a00000|  0%| F|  |TAMS 0x0000000086900000, 0x0000000086900000| Untracked 
|  78|0x0000000086a00000, 0x0000000086a00000, 0x0000000086b00000|  0%| F|  |TAMS 0x0000000086a00000, 0x0000000086a00000| Untracked 
|  79|0x0000000086b00000, 0x0000000086b00000, 0x0000000086c00000|  0%| F|  |TAMS 0x0000000086b00000, 0x0000000086b00000| Untracked 
|  80|0x0000000086c00000, 0x0000000086c00000, 0x0000000086d00000|  0%| F|  |TAMS 0x0000000086c00000, 0x0000000086c00000| Untracked 
|  81|0x0000000086d00000, 0x0000000086d00000, 0x0000000086e00000|  0%| F|  |TAMS 0x0000000086d00000, 0x0000000086d00000| Untracked 
|  82|0x0000000086e00000, 0x0000000086e00000, 0x0000000086f00000|  0%| F|  |TAMS 0x0000000086e00000, 0x0000000086e00000| Untracked 
|  83|0x0000000086f00000, 0x0000000086f00000, 0x0000000087000000|  0%| F|  |TAMS 0x0000000086f00000, 0x0000000086f00000| Untracked 
|  84|0x0000000087000000, 0x0000000087000000, 0x0000000087100000|  0%| F|  |TAMS 0x0000000087000000, 0x0000000087000000| Untracked 
|  85|0x0000000087100000, 0x0000000087100000, 0x0000000087200000|  0%| F|  |TAMS 0x0000000087100000, 0x0000000087100000| Untracked 
|  86|0x0000000087200000, 0x0000000087200000, 0x0000000087300000|  0%| F|  |TAMS 0x0000000087200000, 0x0000000087200000| Untracked 
|  87|0x0000000087300000, 0x0000000087300000, 0x0000000087400000|  0%| F|  |TAMS 0x0000000087300000, 0x0000000087300000| Untracked 
|  88|0x0000000087400000, 0x0000000087400000, 0x0000000087500000|  0%| F|  |TAMS 0x0000000087400000, 0x0000000087400000| Untracked 
|  89|0x0000000087500000, 0x0000000087500000, 0x0000000087600000|  0%| F|  |TAMS 0x0000000087500000, 0x0000000087500000| Untracked 
|  90|0x0000000087600000, 0x0000000087600000, 0x0000000087700000|  0%| F|  |TAMS 0x0000000087600000, 0x0000000087600000| Untracked 
|  91|0x0000000087700000, 0x0000000087700000, 0x0000000087800000|  0%| F|  |TAMS 0x0000000087700000, 0x0000000087700000| Untracked 
|  92|0x0000000087800000, 0x0000000087800000, 0x0000000087900000|  0%| F|  |TAMS 0x0000000087800000, 0x0000000087800000| Untracked 
|  93|0x0000000087900000, 0x0000000087900000, 0x0000000087a00000|  0%| F|  |TAMS 0x0000000087900000, 0x0000000087900000| Untracked 
|  94|0x0000000087a00000, 0x0000000087a00000, 0x0000000087b00000|  0%| F|  |TAMS 0x0000000087a00000, 0x0000000087a00000| Untracked 
|  95|0x0000000087b00000, 0x0000000087b00000, 0x0000000087c00000|  0%| F|  |TAMS 0x0000000087b00000, 0x0000000087b00000| Untracked 
|  96|0x0000000087c00000, 0x0000000087c00000, 0x0000000087d00000|  0%| F|  |TAMS 0x0000000087c00000, 0x0000000087c00000| Untracked 
|  97|0x0000000087d00000, 0x0000000087d00000, 0x0000000087e00000|  0%| F|  |TAMS 0x0000000087d00000, 0x0000000087d00000| Untracked 
|  98|0x0000000087e00000, 0x0000000087e00000, 0x0000000087f00000|  0%| F|  |TAMS 0x0000000087e00000, 0x0000000087e00000| Untracked 
|  99|0x0000000087f00000, 0x0000000087f00000, 0x0000000088000000|  0%| F|  |TAMS 0x0000000087f00000, 0x0000000087f00000| Untracked 
| 100|0x0000000088000000, 0x0000000088000000, 0x0000000088100000|  0%| F|  |TAMS 0x0000000088000000, 0x0000000088000000| Untracked 
| 101|0x0000000088100000, 0x0000000088100000, 0x0000000088200000|  0%| F|  |TAMS 0x0000000088100000, 0x0000000088100000| Untracked 
| 102|0x0000000088200000, 0x0000000088200000, 0x0000000088300000|  0%| F|  |TAMS 0x0000000088200000, 0x0000000088200000| Untracked 
| 103|0x0000000088300000, 0x0000000088300000, 0x0000000088400000|  0%| F|  |TAMS 0x0000000088300000, 0x0000000088300000| Untracked 
| 104|0x0000000088400000, 0x0000000088400000, 0x0000000088500000|  0%| F|  |TAMS 0x0000000088400000, 0x0000000088400000| Untracked 
| 105|0x0000000088500000, 0x0000000088500000, 0x0000000088600000|  0%| F|  |TAMS 0x0000000088500000, 0x0000000088500000| Untracked 
| 106|0x0000000088600000, 0x0000000088600000, 0x0000000088700000|  0%| F|  |TAMS 0x0000000088600000, 0x0000000088600000| Untracked 
| 107|0x0000000088700000, 0x0000000088700000, 0x0000000088800000|  0%| F|  |TAMS 0x0000000088700000, 0x0000000088700000| Untracked 
| 108|0x0000000088800000, 0x0000000088800000, 0x0000000088900000|  0%| F|  |TAMS 0x0000000088800000, 0x0000000088800000| Untracked 
| 109|0x0000000088900000, 0x0000000088900000, 0x0000000088a00000|  0%| F|  |TAMS 0x0000000088900000, 0x0000000088900000| Untracked 
| 110|0x0000000088a00000, 0x0000000088a00000, 0x0000000088b00000|  0%| F|  |TAMS 0x0000000088a00000, 0x0000000088a00000| Untracked 
| 111|0x0000000088b00000, 0x0000000088b00000, 0x0000000088c00000|  0%| F|  |TAMS 0x0000000088b00000, 0x0000000088b00000| Untracked 
| 112|0x0000000088c00000, 0x0000000088c00000, 0x0000000088d00000|  0%| F|  |TAMS 0x0000000088c00000, 0x0000000088c00000| Untracked 
| 113|0x0000000088d00000, 0x0000000088d00000, 0x0000000088e00000|  0%| F|  |TAMS 0x0000000088d00000, 0x0000000088d00000| Untracked 
| 114|0x0000000088e00000, 0x0000000088e00000, 0x0000000088f00000|  0%| F|  |TAMS 0x0000000088e00000, 0x0000000088e00000| Untracked 
| 115|0x0000000088f00000, 0x0000000088f00000, 0x0000000089000000|  0%| F|  |TAMS 0x0000000088f00000, 0x0000000088f00000| Untracked 
| 116|0x0000000089000000, 0x0000000089000000, 0x0000000089100000|  0%| F|  |TAMS 0x0000000089000000, 0x0000000089000000| Untracked 
| 117|0x0000000089100000, 0x0000000089100000, 0x0000000089200000|  0%| F|  |TAMS 0x0000000089100000, 0x0000000089100000| Untracked 
| 118|0x0000000089200000, 0x0000000089200000, 0x0000000089300000|  0%| F|  |TAMS 0x0000000089200000, 0x0000000089200000| Untracked 
| 119|0x0000000089300000, 0x0000000089300000, 0x0000000089400000|  0%| F|  |TAMS 0x0000000089300000, 0x0000000089300000| Untracked 
| 120|0x0000000089400000, 0x0000000089400000, 0x0000000089500000|  0%| F|  |TAMS 0x0000000089400000, 0x0000000089400000| Untracked 
| 121|0x0000000089500000, 0x0000000089500000, 0x0000000089600000|  0%| F|  |TAMS 0x0000000089500000, 0x0000000089500000| Untracked 
| 122|0x0000000089600000, 0x0000000089600000, 0x0000000089700000|  0%| F|  |TAMS 0x0000000089600000, 0x0000000089600000| Untracked 
| 123|0x0000000089700000, 0x0000000089700000, 0x0000000089800000|  0%| F|  |TAMS 0x0000000089700000, 0x0000000089700000| Untracked 
| 124|0x0000000089800000, 0x0000000089800000, 0x0000000089900000|  0%| F|  |TAMS 0x0000000089800000, 0x0000000089800000| Untracked 
| 125|0x0000000089900000, 0x0000000089976458, 0x0000000089a00000| 46%| E|  |TAMS 0x0000000089900000, 0x0000000089900000| Complete 
| 126|0x0000000089a00000, 0x0000000089b00000, 0x0000000089b00000|100%| E|CS|TAMS 0x0000000089a00000, 0x0000000089a00000| Complete 
| 127|0x0000000089b00000, 0x0000000089c00000, 0x0000000089c00000|100%| E|CS|TAMS 0x0000000089b00000, 0x0000000089b00000| Complete 

Card table byte_map: [0x0000025b46b40000,0x0000025b46f40000] _byte_map_base: 0x0000025b46732000

Marking Bits (Prev, Next): (CMBitMap*) 0x0000025b2f508ba0, (CMBitMap*) 0x0000025b2f508be0
 Prev Bits: [0x0000025b47340000, 0x0000025b492d0000)
 Next Bits: [0x0000025b492d0000, 0x0000025b4b260000)

Polling page: 0x0000025b2d400000

Metaspace:

Usage:
  Non-class:      6.93 MB used.
      Class:    640.88 KB used.
       Both:      7.56 MB used.

Virtual space:
  Non-class space:       64.00 MB reserved,       7.00 MB ( 11%) committed,  1 nodes.
      Class space:        1.00 GB reserved,     704.00 KB ( <1%) committed,  1 nodes.
             Both:        1.06 GB reserved,       7.69 MB ( <1%) committed. 

Chunk freelists:
   Non-Class:  972.00 KB
       Class:  3.22 MB
        Both:  4.17 MB

MaxMetaspaceSize: unlimited
CompressedClassSpaceSize: 1.00 GB
Initial GC threshold: 21.00 MB
Current GC threshold: 21.00 MB
CDS: off
MetaspaceReclaimPolicy: balanced
 - commit_granule_bytes: 65536.
 - commit_granule_words: 8192.
 - virtual_space_node_default_size: 8388608.
 - enlarge_chunks_in_place: 1.
 - new_chunks_are_fully_committed: 0.
 - uncommit_free_chunks: 1.
 - use_allocation_guard: 0.


Internal statistics:

num_allocs_failed_limit: 0.
num_arena_births: 58.
num_arena_deaths: 0.
num_vsnodes_births: 2.
num_vsnodes_deaths: 0.
num_space_committed: 123.
num_space_uncommitted: 0.
num_chunks_returned_to_freelist: 0.
num_chunks_taken_from_freelist: 76.
num_chunk_merges: 0.
num_chunk_splits: 44.
num_chunks_enlarged: 27.
num_inconsistent_stats: 0.

CodeHeap 'non-profiled nmethods': size=120000Kb used=73Kb max_used=73Kb free=119926Kb
 bounds [0x0000025b3eee0000, 0x0000025b3f150000, 0x0000025b46410000]
CodeHeap 'profiled nmethods': size=120000Kb used=173Kb max_used=173Kb free=119827Kb
 bounds [0x0000025b37410000, 0x0000025b37680000, 0x0000025b3e940000]
CodeHeap 'non-nmethods': size=5760Kb used=1205Kb max_used=1220Kb free=4554Kb
 bounds [0x0000025b3e940000, 0x0000025b3ebb0000, 0x0000025b3eee0000]
 total_blobs=599 nmethods=195 adapters=315
 compilation: enabled
              stopped_count=0, restarted_count=0
 full_count=0

Compilation events (20 events):
Event: 0.249 Thread 0x0000025b520951d0 nmethod 168 0x0000025b3eeee010 code [0x0000025b3eeee1a0, 0x0000025b3eeee258]
Event: 0.250 Thread 0x0000025b520951d0  169       3       jdk.internal.util.Preconditions::checkFromToIndex (24 bytes)
Event: 0.250 Thread 0x0000025b520951d0 nmethod 169 0x0000025b37438310 code [0x0000025b374384c0, 0x0000025b374386a8]
Event: 0.250 Thread 0x0000025b520951d0  170       3       java.lang.invoke.MethodType::parameterCount (6 bytes)
Event: 0.250 Thread 0x0000025b520951d0 nmethod 170 0x0000025b37438790 code [0x0000025b37438920, 0x0000025b37438a38]
Event: 0.250 Thread 0x0000025b520951d0  171       3       java.util.Arrays::copyOf (40 bytes)
Event: 0.251 Thread 0x0000025b520951d0 nmethod 171 0x0000025b37438b10 code [0x0000025b37438d20, 0x0000025b374393c8]
Event: 0.251 Thread 0x0000025b520951d0  172       3       java.lang.invoke.MethodType::checkPtypes (76 bytes)
Event: 0.251 Thread 0x0000025b520951d0 nmethod 172 0x0000025b37439610 code [0x0000025b374398a0, 0x0000025b3743a328]
Event: 0.251 Thread 0x0000025b520951d0  177       3       java.lang.Math::max (11 bytes)
Event: 0.251 Thread 0x0000025b520951d0 nmethod 177 0x0000025b3743a790 code [0x0000025b3743a920, 0x0000025b3743aa58]
Event: 0.251 Thread 0x0000025b520951d0  173       3       java.lang.invoke.MemberName::initResolved (53 bytes)
Event: 0.251 Thread 0x0000025b520951d0 nmethod 173 0x0000025b3743ab10 code [0x0000025b3743acc0, 0x0000025b3743ae78]
Event: 0.251 Thread 0x0000025b520951d0  176       1       sun.invoke.util.Wrapper::basicTypeChar (5 bytes)
Event: 0.251 Thread 0x0000025b520951d0 nmethod 176 0x0000025b3eeeef10 code [0x0000025b3eeef0a0, 0x0000025b3eeef178]
Event: 0.251 Thread 0x0000025b520951d0  181       3       java.lang.ref.Reference::<init> (25 bytes)
Event: 0.251 Thread 0x0000025b520951d0 nmethod 181 0x0000025b3743af10 code [0x0000025b3743b0c0, 0x0000025b3743b338]
Event: 0.251 Thread 0x0000025b520951d0  182       1       java.lang.invoke.MethodTypeForm::erasedType (5 bytes)
Event: 0.252 Thread 0x0000025b520951d0 nmethod 182 0x0000025b3eeef510 code [0x0000025b3eeef6a0, 0x0000025b3eeef758]
Event: 0.252 Thread 0x0000025b520951d0  183       3       jdk.internal.org.objectweb.asm.Frame::execute (2305 bytes)

GC Heap History (0 events):
No events

Dll operation events (5 events):
Event: 0.006 Loaded shared library C:\Program Files\Java\jdk-19\bin\java.dll
Event: 0.056 Loaded shared library C:\Program Files\Java\jdk-19\bin\jsvml.dll
Event: 0.155 Loaded shared library C:\Program Files\Java\jdk-19\bin\verify.dll
Event: 0.212 Loaded shared library C:\Program Files\Java\jdk-19\bin\jimage.dll
Event: 0.244 Loaded shared library C:\Program Files\Java\jdk-19\bin\awt.dll

Deoptimization events (0 events):
No events

Classes loaded (20 events):
Event: 0.244 Loading class java/awt/Toolkit$1
Event: 0.244 Loading class java/awt/Toolkit$1 done
Event: 0.244 Loading class java/lang/invoke/MethodHandleImpl$AsVarargsCollector
Event: 0.245 Loading class java/lang/invoke/MethodHandleImpl$AsVarargsCollector done
Event: 0.246 Loading class java/lang/invoke/MethodHandleImpl$IntrinsicMethodHandle
Event: 0.246 Loading class java/lang/invoke/MethodHandleImpl$IntrinsicMethodHandle done
Event: 0.246 Loading class sun/invoke/util/Wrapper$1
Event: 0.246 Loading class sun/invoke/util/Wrapper$1 done
Event: 0.246 Loading class java/lang/Long$LongCache
Event: 0.246 Loading class java/lang/Long$LongCache done
Event: 0.247 Loading class java/lang/invoke/BoundMethodHandle$Species_LL
Event: 0.247 Loading class java/lang/invoke/BoundMethodHandle$Species_LL done
Event: 0.250 Loading class java/lang/invoke/BoundMethodHandle$Species_LLL
Event: 0.250 Loading class java/lang/invoke/BoundMethodHandle$Species_LLL done
Event: 0.252 Loading class java/lang/invoke/MethodHandles$1
Event: 0.252 Loading class java/lang/invoke/MethodHandles$1 done
Event: 0.252 Loading class java/lang/invoke/BoundMethodHandle$Species_LLJ
Event: 0.252 Loading class java/lang/invoke/BoundMethodHandle$Species_LLJ done
Event: 0.253 Loading class java/lang/invoke/BoundMethodHandle$Species_LLLL
Event: 0.253 Loading class java/lang/invoke/BoundMethodHandle$Species_LLLL done

Classes unloaded (0 events):
No events

Classes redefined (0 events):
No events

Internal exceptions (1 events):
Event: 0.232 Thread 0x0000025b2f4a8670 Exception <a 'java/lang/ClassNotFoundException'{0x0000000089a4c508}: sun/awt/resources/spi/awtProvider> (0x0000000089a4c508) 
thrown [s\open\src\hotspot\share\classfile\systemDictionary.cpp, line 255]

VM Operations (0 events):
No events

Events (12 events):
Event: 0.056 Thread 0x0000025b2f4a8670 Thread added: 0x0000025b2f4a8670
Event: 0.095 Thread 0x0000025b5205f010 Thread added: 0x0000025b5205f010
Event: 0.095 Thread 0x0000025b5205f940 Thread added: 0x0000025b5205f940
Event: 0.098 Thread 0x0000025b520724e0 Thread added: 0x0000025b520724e0
Event: 0.098 Thread 0x0000025b5203f520 Thread added: 0x0000025b5203f520
Event: 0.098 Thread 0x0000025b5203fe50 Thread added: 0x0000025b5203fe50
Event: 0.098 Thread 0x0000025b5204a7a0 Thread added: 0x0000025b5204a7a0
Event: 0.098 Thread 0x0000025b5204cd60 Thread added: 0x0000025b5204cd60
Event: 0.098 Thread 0x0000025b520951d0 Thread added: 0x0000025b520951d0
Event: 0.098 Thread 0x0000025b52096970 Thread added: 0x0000025b52096970
Event: 0.137 Thread 0x0000025b522054d0 Thread added: 0x0000025b522054d0
Event: 0.148 Thread 0x0000025b52216150 Thread added: 0x0000025b52216150


Dynamic libraries:
0x00007ff6f8890000 - 0x00007ff6f88a0000 	C:\Program Files\Java\jdk-19\bin\javaw.exe
0x00007ffeab950000 - 0x00007ffeabb64000 	C:\Windows\SYSTEM32\ntdll.dll
0x00007ffea9ea0000 - 0x00007ffea9f63000 	C:\Windows\System32\KERNEL32.DLL
0x00007ffea9220000 - 0x00007ffea95bc000 	C:\Windows\System32\KERNELBASE.dll
0x00007ffea8d90000 - 0x00007ffea8ea1000 	C:\Windows\System32\ucrtbase.dll
0x00007ffe97b30000 - 0x00007ffe97b4b000 	C:\Program Files\Java\jdk-19\bin\VCRUNTIME140.dll
0x00007ffe961c0000 - 0x00007ffe961d8000 	C:\Program Files\Java\jdk-19\bin\jli.dll
0x00007ffeaa880000 - 0x00007ffeaa92e000 	C:\Windows\System32\ADVAPI32.dll
0x00007ffea9760000 - 0x00007ffea9807000 	C:\Windows\System32\msvcrt.dll
0x00007ffeaac50000 - 0x00007ffeaacf4000 	C:\Windows\System32\sechost.dll
0x00007ffea9f70000 - 0x00007ffeaa085000 	C:\Windows\System32\RPCRT4.dll
0x00007ffea9910000 - 0x00007ffea9abd000 	C:\Windows\System32\USER32.dll
0x00007ffea95c0000 - 0x00007ffea95e6000 	C:\Windows\System32\win32u.dll
0x00007ffe8f910000 - 0x00007ffe8fb9e000 	C:\Windows\WinSxS\amd64_microsoft.windows.common-controls_6595b64144ccf1df_6.0.22621.608_none_a9444ca7c10bb01d\COMCTL32.dll
0x00007ffeab130000 - 0x00007ffeab159000 	C:\Windows\System32\GDI32.dll
0x00007ffea8eb0000 - 0x00007ffea8fc2000 	C:\Windows\System32\gdi32full.dll
0x00007ffea9180000 - 0x00007ffea921a000 	C:\Windows\System32\msvcp_win.dll
0x00007ffea1460000 - 0x00007ffea146a000 	C:\Windows\SYSTEM32\VERSION.dll
0x00007ffeab210000 - 0x00007ffeab242000 	C:\Windows\System32\IMM32.DLL
0x00007ffe982b0000 - 0x00007ffe982bc000 	C:\Program Files\Java\jdk-19\bin\vcruntime140_1.dll
0x00007ffe94650000 - 0x00007ffe946de000 	C:\Program Files\Java\jdk-19\bin\msvcp140.dll
0x00007ffe46f30000 - 0x00007ffe47bf0000 	C:\Program Files\Java\jdk-19\bin\server\jvm.dll
0x00007ffe97b20000 - 0x00007ffe97b29000 	C:\Windows\SYSTEM32\WSOCK32.dll
0x00007ffea2030000 - 0x00007ffea2064000 	C:\Windows\SYSTEM32\WINMM.dll
0x00007ffeaae20000 - 0x00007ffeaae91000 	C:\Windows\System32\WS2_32.dll
0x00007ffea7ed0000 - 0x00007ffea7ee8000 	C:\Windows\SYSTEM32\kernel.appcore.dll
0x00007ffe97900000 - 0x00007ffe9790a000 	C:\Program Files\Java\jdk-19\bin\jimage.dll
0x00007ffe9fb70000 - 0x00007ffe9fd9e000 	C:\Windows\SYSTEM32\DBGHELP.DLL
0x00007ffea9ac0000 - 0x00007ffea9e4a000 	C:\Windows\System32\combase.dll
0x00007ffeaaf20000 - 0x00007ffeaaff7000 	C:\Windows\System32\OLEAUT32.dll
0x00007ffe8c640000 - 0x00007ffe8c672000 	C:\Windows\SYSTEM32\dbgcore.DLL
0x00007ffea8fd0000 - 0x00007ffea904b000 	C:\Windows\System32\bcryptPrimitives.dll
0x00007ffe96190000 - 0x00007ffe961b6000 	C:\Program Files\Java\jdk-19\bin\java.dll
0x00007ffe94570000 - 0x00007ffe94647000 	C:\Program Files\Java\jdk-19\bin\jsvml.dll
0x00007ffeaa090000 - 0x00007ffeaa87f000 	C:\Windows\System32\SHELL32.dll
0x00007ffea6dc0000 - 0x00007ffea7688000 	C:\Windows\SYSTEM32\windows.storage.dll
0x00007ffea6c80000 - 0x00007ffea6dbe000 	C:\Windows\SYSTEM32\wintypes.dll
0x00007ffea9810000 - 0x00007ffea9901000 	C:\Windows\System32\SHCORE.dll
0x00007ffeaa930000 - 0x00007ffeaa98e000 	C:\Windows\System32\shlwapi.dll
0x00007ffea8cc0000 - 0x00007ffea8ce1000 	C:\Windows\SYSTEM32\profapi.dll
0x00007ffe96140000 - 0x00007ffe96150000 	C:\Program Files\Java\jdk-19\bin\verify.dll
0x00007ffe66110000 - 0x00007ffe662a1000 	C:\Program Files\Java\jdk-19\bin\awt.dll
0x00007ffea61e0000 - 0x00007ffea6277000 	C:\Windows\SYSTEM32\apphelp.dll

dbghelp: loaded successfully - version: 4.0.5 - missing functions: none
symbol engine: initialized successfully - sym options: 0x614 - pdb path: .;C:\Program Files\Java\jdk-19\bin;C:\Windows\SYSTEM32;C:\Windows\WinSxS\amd64_microsoft.windows.common-controls_6595b64144ccf1df_6.0.22621.608_none_a9444ca7c10bb01d;C:\Program Files\Java\jdk-19\bin\server

VM Arguments:
jvm_args: -Dfile.encoding=UTF-8 -XX:+ShowCodeDetailsInExceptionMessages 
java_command: GridLayoutFrame
java_class_path (initial): C:\java projelerim\GUI3\bin
Launcher Type: SUN_STANDARD

[Global flags]
     intx CICompilerCount                          = 4                                         {product} {ergonomic}
     uint ConcGCThreads                            = 2                                         {product} {ergonomic}
     uint G1ConcRefinementThreads                  = 8                                         {product} {ergonomic}
   size_t G1HeapRegionSize                         = 1048576                                   {product} {ergonomic}
    uintx GCDrainStackTargetSize                   = 64                                        {product} {ergonomic}
   size_t InitialHeapSize                          = 134217728                                 {product} {ergonomic}
   size_t MarkStackSize                            = 4194304                                   {product} {ergonomic}
   size_t MaxHeapSize                              = 2118123520                                {product} {ergonomic}
   size_t MaxNewSize                               = 1270874112                                {product} {ergonomic}
   size_t MinHeapDeltaBytes                        = 1048576                                   {product} {ergonomic}
   size_t MinHeapSize                              = 8388608                                   {product} {ergonomic}
    uintx NonNMethodCodeHeapSize                   = 5839372                                {pd product} {ergonomic}
    uintx NonProfiledCodeHeapSize                  = 122909434                              {pd product} {ergonomic}
    uintx ProfiledCodeHeapSize                     = 122909434                              {pd product} {ergonomic}
    uintx ReservedCodeCacheSize                    = 251658240                              {pd product} {ergonomic}
     bool SegmentedCodeCache                       = true                                      {product} {ergonomic}
     bool ShowCodeDetailsInExceptionMessages       = true                                   {manageable} {command line}
   size_t SoftMaxHeapSize                          = 2118123520                             {manageable} {ergonomic}
     bool UseCompressedClassPointers               = true                           {product lp64_product} {ergonomic}
     bool UseCompressedOops                        = true                           {product lp64_product} {ergonomic}
     bool UseG1GC                                  = true                                      {product} {ergonomic}
     bool UseLargePagesIndividualAllocation        = false                                  {pd product} {ergonomic}

Logging:
Log output configuration:
 #0: stdout all=warning uptime,level,tags foldmultilines=false
 #1: stderr all=off uptime,level,tags foldmultilines=false

Environment Variables:
PATH=C:\Program Files\Common Files\Oracle\Java\javapath;C:\Program Files (x86)\Common Files\Oracle\Java\javapath;C:\Windows\system32;C:\Windows;C:\Windows\System32\Wbem;C:\Windows\System32\WindowsPowerShell\v1.0\;C:\Windows\System32\OpenSSH\;C:\Program Files\NVIDIA Corporation\NVIDIA NvDLISR;C:\Program Files (x86)\NVIDIA Corporation\PhysX\Common;C:\Program Files\nodejs\;C:\Program Files\Git\cmd;C:\Users\duygu\AppData\Local\Programs\Python\Python311\Scripts\;C:\Users\duygu\AppData\Local\Programs\Python\Python311\;C:\Users\duygu\AppData\Local\Microsoft\WindowsApps;C:\Users\duygu\AppData\Local\Programs\Microsoft VS Code\bin;C:\Users\duygu\AppData\Local\GitHubDesktop\bin;C:\Users\duygu\AppData\Roaming\npm
USERNAME=duygu
OS=Windows_NT
PROCESSOR_IDENTIFIER=Intel64 Family 6 Model 142 Stepping 12, GenuineIntel
TMP=C:\Users\duygu\AppData\Local\Temp
TEMP=C:\Users\duygu\AppData\Local\Temp



---------------  S Y S T E M  ---------------

OS:
 Windows 11 , 64 bit Build 22621 (10.0.22621.1194)
OS uptime: 9 days 8:23 hours

CPU: total 8 (initial active 8) (4 cores per cpu, 2 threads per core) family 6 model 142 stepping 12 microcode 0xde, cx8, cmov, fxsr, ht, mmx, 3dnowpref, sse, sse2, sse3, ssse3, sse4.1, sse4.2, popcnt, lzcnt, tsc, tscinvbit, avx, avx2, aes, erms, clmul, bmi1, bmi2, adx, fma, vzeroupper, clflush, clflushopt, rdtscp

Memory: 4k page, system-wide physical 8072M (933M free)
TotalPageFile size 32648M (AvailPageFile size 2M)
current process WorkingSet (physical memory assigned to process): 36M, peak: 36M
current process commit charge ("private bytes"): 209M, peak: 209M

vm_info: Java HotSpot(TM) 64-Bit Server VM (19.0.2+7-44) for windows-amd64 JRE (19.0.2+7-44), built on 2022-11-30T18:02:09Z by "mach5one" with MS VC++ 17.1 (VS2022)

END.
