#
# There is insufficient memory for the Java Runtime Environment to continue.
# Native memory allocation (mmap) failed to map 134217728 bytes for G1 virtual space
# Possible reasons:
#   The system is out of physical RAM or swap space
#   The process is running with CompressedOops enabled, and the Java Heap may be blocking the growth of the native heap
# Possible solutions:
#   Reduce memory load on the system
#   Increase physical memory or swap space
#   Check if swap backing store is full
#   Decrease Java heap size (-Xmx/-Xms)
#   Decrease number of Java threads
#   Decrease Java thread stack sizes (-Xss)
#   Set larger code cache with -XX:ReservedCodeCacheSize=
#   JVM is running with Unscaled Compressed Oops mode in which the Java heap is
#     placed in the first 4GB address space. The Java Heap base address is the
#     maximum limit for the native heap growth. Please use -XX:HeapBaseMinAddress
#     to set the Java Heap base and to place the Java Heap above 4GB virtual address.
# This output file may be truncated or incomplete.
#
#  Out of Memory Error (os_windows.cpp:3536), pid=4952, tid=7308
#
# JRE version:  (19.0.2+7) (build )
# Java VM: Java HotSpot(TM) 64-Bit Server VM (19.0.2+7-44, mixed mode, sharing, tiered, compressed oops, compressed class ptrs, g1 gc, windows-amd64)
# No core dump will be written. Minidumps are not enabled by default on client versions of Windows
#

---------------  S U M M A R Y ------------

Command Line: -Dfile.encoding=UTF-8 -XX:+ShowCodeDetailsInExceptionMessages GridLayoutFrame

Host: Intel(R) Core(TM) i7-8565U CPU @ 1.80GHz, 8 cores, 7G,  Windows 11 , 64 bit Build 22621 (10.0.22621.1194)
Time: Tue Mar 28 04:14:56 2023 Türkiye Standart Saati elapsed time: 0.009132 seconds (0d 0h 0m 0s)

---------------  T H R E A D  ---------------

Current thread (0x000001c6d2be6af0):  JavaThread "Unknown thread" [_thread_in_vm, id=7308, stack(0x000000a1a7600000,0x000000a1a7700000)]

Stack: [0x000000a1a7600000,0x000000a1a7700000]
Native frames: (J=compiled Java code, j=interpreted, Vv=VM code, C=native code)
V  [jvm.dll+0x6ee21a]
V  [jvm.dll+0x85765e]
V  [jvm.dll+0x85904e]
V  [jvm.dll+0x859703]
V  [jvm.dll+0x28298f]
V  [jvm.dll+0x6eb009]
V  [jvm.dll+0x6dfbaa]
V  [jvm.dll+0x3573f6]
V  [jvm.dll+0x35ee56]
V  [jvm.dll+0x3b541e]
V  [jvm.dll+0x3b564f]
V  [jvm.dll+0x32c9ea]
V  [jvm.dll+0x32d89e]
V  [jvm.dll+0x821780]
V  [jvm.dll+0x3c2661]
V  [jvm.dll+0x801f51]
V  [jvm.dll+0x44ae8f]
V  [jvm.dll+0x44c811]
C  [jli.dll+0x5287]
C  [ucrtbase.dll+0x29363]
C  [KERNEL32.DLL+0x126bd]
C  [ntdll.dll+0x5dfb8]


---------------  P R O C E S S  ---------------

Threads class SMR info:
_java_thread_list=0x00007ffe47aad048, length=0, elements={
}

Java Threads: ( => current thread )

Other Threads:
  0x000001c6d2c47040 WorkerThread "GC Thread#0" [stack: 0x000000a1a7700000,0x000000a1a7800000] [id=19264]
  0x000001c6d2c57c20 ConcurrentGCThread "G1 Main Marker" [stack: 0x000000a1a7800000,0x000000a1a7900000] [id=5964]
  0x000001c6d2c58950 WorkerThread "G1 Conc#0" [stack: 0x000000a1a7900000,0x000000a1a7a00000] [id=23008]

[error occurred during error reporting (printing all threads), id 0xc0000005, EXCEPTION_ACCESS_VIOLATION (0xc0000005) at pc=0x00007ffe4726d427]

VM state: not at safepoint (not fully initialized)

VM Mutex/Monitor currently owned by a thread:  ([mutex/lock_event])
[0x000001c6d2be3240] Heap_lock - owner thread: 0x000001c6d2be6af0

Heap address: 0x0000000081c00000, size: 2020 MB, Compressed Oops mode: 32-bit

CDS archive(s) mapped at: [0x0000000000000000-0x0000000000000000-0x0000000000000000), size 0, SharedBaseAddress: 0x0000000800000000, ArchiveRelocationMode: 0.
Narrow klass base: 0x0000000000000000, Narrow klass shift: 0, Narrow klass range: 0x0

GC Precious Log:
 CardTable entry size: 512
 Card Set container configuration: InlinePtr #cards 5 size 8 Array Of Cards #cards 12 size 40 Howl #buckets 4 coarsen threshold 1843 Howl Bitmap #cards 512 size 80 coarsen threshold 460 Card regions per heap region 1 cards per card region 2048

Heap:
 garbage-first heap   total 0K, used 0K [0x0000000081c00000, 0x0000000100000000)
  region size 1024K, 0 young (0K), 0 survivors (0K)

[error occurred during error reporting (printing heap information), id 0xc0000005, EXCEPTION_ACCESS_VIOLATION (0xc0000005) at pc=0x00007ffe47676649]

GC Heap History (0 events):
No events

Dll operation events (1 events):
Event: 0.005 Loaded shared library C:\Program Files\Java\jdk-19\bin\java.dll

Deoptimization events (0 events):
No events

Classes loaded (0 events):
No events

Classes unloaded (0 events):
No events

Classes redefined (0 events):
No events

Internal exceptions (0 events):
No events

VM Operations (0 events):
No events

Events (0 events):
No events


Dynamic libraries:
0x00007ff6f8890000 - 0x00007ff6f88a0000 	C:\Program Files\Java\jdk-19\bin\javaw.exe
0x00007ffeab950000 - 0x00007ffeabb64000 	C:\Windows\SYSTEM32\ntdll.dll
0x00007ffea9ea0000 - 0x00007ffea9f63000 	C:\Windows\System32\KERNEL32.DLL
0x00007ffea9220000 - 0x00007ffea95bc000 	C:\Windows\System32\KERNELBASE.dll
0x00007ffea8d90000 - 0x00007ffea8ea1000 	C:\Windows\System32\ucrtbase.dll
0x00007ffe97b30000 - 0x00007ffe97b4b000 	C:\Program Files\Java\jdk-19\bin\VCRUNTIME140.dll
0x00007ffe961c0000 - 0x00007ffe961d8000 	C:\Program Files\Java\jdk-19\bin\jli.dll
0x00007ffeaa880000 - 0x00007ffeaa92e000 	C:\Windows\System32\ADVAPI32.dll
0x00007ffea9760000 - 0x00007ffea9807000 	C:\Windows\System32\msvcrt.dll
0x00007ffeaac50000 - 0x00007ffeaacf4000 	C:\Windows\System32\sechost.dll
0x00007ffea9f70000 - 0x00007ffeaa085000 	C:\Windows\System32\RPCRT4.dll
0x00007ffea9910000 - 0x00007ffea9abd000 	C:\Windows\System32\USER32.dll
0x00007ffea95c0000 - 0x00007ffea95e6000 	C:\Windows\System32\win32u.dll
0x00007ffe8f910000 - 0x00007ffe8fb9e000 	C:\Windows\WinSxS\amd64_microsoft.windows.common-controls_6595b64144ccf1df_6.0.22621.608_none_a9444ca7c10bb01d\COMCTL32.dll
0x00007ffeab130000 - 0x00007ffeab159000 	C:\Windows\System32\GDI32.dll
0x00007ffea8eb0000 - 0x00007ffea8fc2000 	C:\Windows\System32\gdi32full.dll
0x00007ffea9180000 - 0x00007ffea921a000 	C:\Windows\System32\msvcp_win.dll
0x00007ffea1460000 - 0x00007ffea146a000 	C:\Windows\SYSTEM32\VERSION.dll
0x00007ffeab210000 - 0x00007ffeab242000 	C:\Windows\System32\IMM32.DLL
0x00007ffe982b0000 - 0x00007ffe982bc000 	C:\Program Files\Java\jdk-19\bin\vcruntime140_1.dll
0x00007ffe94650000 - 0x00007ffe946de000 	C:\Program Files\Java\jdk-19\bin\msvcp140.dll
0x00007ffe46f30000 - 0x00007ffe47bf0000 	C:\Program Files\Java\jdk-19\bin\server\jvm.dll
0x00007ffea2030000 - 0x00007ffea2064000 	C:\Windows\SYSTEM32\WINMM.dll
0x00007ffe97b20000 - 0x00007ffe97b29000 	C:\Windows\SYSTEM32\WSOCK32.dll
0x00007ffeaae20000 - 0x00007ffeaae91000 	C:\Windows\System32\WS2_32.dll
0x00007ffea7ed0000 - 0x00007ffea7ee8000 	C:\Windows\SYSTEM32\kernel.appcore.dll
0x00007ffe97900000 - 0x00007ffe9790a000 	C:\Program Files\Java\jdk-19\bin\jimage.dll
0x00007ffe9fb70000 - 0x00007ffe9fd9e000 	C:\Windows\SYSTEM32\DBGHELP.DLL
0x00007ffea9ac0000 - 0x00007ffea9e4a000 	C:\Windows\System32\combase.dll
0x00007ffeaaf20000 - 0x00007ffeaaff7000 	C:\Windows\System32\OLEAUT32.dll
0x00007ffe8c640000 - 0x00007ffe8c672000 	C:\Windows\SYSTEM32\dbgcore.DLL
0x00007ffea8fd0000 - 0x00007ffea904b000 	C:\Windows\System32\bcryptPrimitives.dll
0x00007ffe96190000 - 0x00007ffe961b6000 	C:\Program Files\Java\jdk-19\bin\java.dll

dbghelp: loaded successfully - version: 4.0.5 - missing functions: none
symbol engine: initialized successfully - sym options: 0x614 - pdb path: .;C:\Program Files\Java\jdk-19\bin;C:\Windows\SYSTEM32;C:\Windows\WinSxS\amd64_microsoft.windows.common-controls_6595b64144ccf1df_6.0.22621.608_none_a9444ca7c10bb01d;C:\Program Files\Java\jdk-19\bin\server

VM Arguments:
jvm_args: -Dfile.encoding=UTF-8 -XX:+ShowCodeDetailsInExceptionMessages 
java_command: GridLayoutFrame
java_class_path (initial): C:\java projelerim\GUI3\bin
Launcher Type: SUN_STANDARD

[Global flags]
     intx CICompilerCount                          = 4                                         {product} {ergonomic}
     uint ConcGCThreads                            = 2                                         {product} {ergonomic}
     uint G1ConcRefinementThreads                  = 8                                         {product} {ergonomic}
   size_t G1HeapRegionSize                         = 1048576                                   {product} {ergonomic}
    uintx GCDrainStackTargetSize                   = 64                                        {product} {ergonomic}
   size_t InitialHeapSize                          = 134217728                                 {product} {ergonomic}
   size_t MarkStackSize                            = 4194304                                   {product} {ergonomic}
   size_t MaxHeapSize                              = 2118123520                                {product} {ergonomic}
   size_t MinHeapDeltaBytes                        = 1048576                                   {product} {ergonomic}
   size_t MinHeapSize                              = 8388608                                   {product} {ergonomic}
    uintx NonNMethodCodeHeapSize                   = 5839372                                {pd product} {ergonomic}
    uintx NonProfiledCodeHeapSize                  = 122909434                              {pd product} {ergonomic}
    uintx ProfiledCodeHeapSize                     = 122909434                              {pd product} {ergonomic}
    uintx ReservedCodeCacheSize                    = 251658240                              {pd product} {ergonomic}
     bool SegmentedCodeCache                       = true                                      {product} {ergonomic}
     bool ShowCodeDetailsInExceptionMessages       = true                                   {manageable} {command line}
   size_t SoftMaxHeapSize                          = 2118123520                             {manageable} {ergonomic}
     bool UseCompressedClassPointers               = true                           {product lp64_product} {ergonomic}
     bool UseCompressedOops                        = true                           {product lp64_product} {ergonomic}
     bool UseG1GC                                  = true                                      {product} {ergonomic}
     bool UseLargePagesIndividualAllocation        = false                                  {pd product} {ergonomic}

Logging:
Log output configuration:
 #0: stdout all=warning uptime,level,tags foldmultilines=false
 #1: stderr all=off uptime,level,tags foldmultilines=false

Environment Variables:
PATH=C:\Program Files\Common Files\Oracle\Java\javapath;C:\Program Files (x86)\Common Files\Oracle\Java\javapath;C:\Windows\system32;C:\Windows;C:\Windows\System32\Wbem;C:\Windows\System32\WindowsPowerShell\v1.0\;C:\Windows\System32\OpenSSH\;C:\Program Files\NVIDIA Corporation\NVIDIA NvDLISR;C:\Program Files (x86)\NVIDIA Corporation\PhysX\Common;C:\Program Files\nodejs\;C:\Program Files\Git\cmd;C:\Users\duygu\AppData\Local\Programs\Python\Python311\Scripts\;C:\Users\duygu\AppData\Local\Programs\Python\Python311\;C:\Users\duygu\AppData\Local\Microsoft\WindowsApps;C:\Users\duygu\AppData\Local\Programs\Microsoft VS Code\bin;C:\Users\duygu\AppData\Local\GitHubDesktop\bin;C:\Users\duygu\AppData\Roaming\npm
USERNAME=duygu
OS=Windows_NT
PROCESSOR_IDENTIFIER=Intel64 Family 6 Model 142 Stepping 12, GenuineIntel
TMP=C:\Users\duygu\AppData\Local\Temp
TEMP=C:\Users\duygu\AppData\Local\Temp



---------------  S Y S T E M  ---------------

OS:
 Windows 11 , 64 bit Build 22621 (10.0.22621.1194)
OS uptime: 9 days 8:24 hours

CPU: total 8 (initial active 8) (4 cores per cpu, 2 threads per core) family 6 model 142 stepping 12 microcode 0xde, cx8, cmov, fxsr, ht, mmx, 3dnowpref, sse, sse2, sse3, ssse3, sse4.1, sse4.2, popcnt, lzcnt, tsc, tscinvbit, avx, avx2, aes, erms, clmul, bmi1, bmi2, adx, fma, vzeroupper, clflush, clflushopt, rdtscp

Memory: 4k page, system-wide physical 8072M (905M free)
TotalPageFile size 32648M (AvailPageFile size 99M)
current process WorkingSet (physical memory assigned to process): 11M, peak: 11M
current process commit charge ("private bytes"): 60M, peak: 188M

vm_info: Java HotSpot(TM) 64-Bit Server VM (19.0.2+7-44) for windows-amd64 JRE (19.0.2+7-44), built on 2022-11-30T18:02:09Z by "mach5one" with MS VC++ 17.1 (VS2022)

END.
